<?xml version="1.0" encoding="UTF-8"?>
<!-- Generated by org.testng.reporters.JUnitXMLReporter -->
<testsuite ignored="0" hostname="Jesses-MBP" failures="2" tests="2" name="Test" time="0.038" errors="0" timestamp="17 May 2020 09:42:09 GMT">
  <testcase classname="practice.AppiumFramework.Econmerce_totalValidation" name="totalValidation" time="0.009">
    <failure type="java.lang.NullPointerException">
      <![CDATA[java.lang.NullPointerException
at practice.AppiumFramework.base.Capabilities(base.java:99)
at practice.AppiumFramework.Econmerce_totalValidation.totalValidation(Econmerce_totalValidation.java:35)
... Removed 25 stack frames]]>
    </failure>
  </testcase> <!-- totalValidation -->
  <testcase classname="practice.AppiumFramework.Econmerce_totalValidation" name="totalValidation" time="0.028">
    <failure type="java.lang.NullPointerException">
      <![CDATA[java.lang.NullPointerException
at practice.AppiumFramework.base.getScreenshot(base.java:126)
at Resources.Listeners.onTestFailure(Listeners.java:31)
... Removed 22 stack frames]]>
    </failure>
  </testcase> <!-- totalValidation -->
</testsuite> <!-- Test -->
