<?xml version="1.0" encoding="UTF-8"?>
<testng-results ignored="0" total="1" passed="1" failed="0" skipped="0">
  <reporter-output>
  </reporter-output>
  <suite started-at="2020-05-17T09:51:49Z" name="Suite" finished-at="2020-05-17T09:52:15Z" duration-ms="25543">
    <groups>
    </groups>
    <test started-at="2020-05-17T09:51:49Z" name="Test" finished-at="2020-05-17T09:52:15Z" duration-ms="25543">
      <class name="practice.AppiumFramework.Econmerce_totalValidation">
        <test-method signature="totalValidation(java.lang.String)[pri:0, instance:practice.AppiumFramework.Econmerce_totalValidation@47e2e487]" started-at="2020-05-17T09:51:49Z" name="totalValidation" data-provider="InputData" finished-at="2020-05-17T09:52:15Z" duration-ms="25523" status="PASS">
          <params>
            <param index="0">
              <value>
                <![CDATA[hello]]>
              </value>
            </param>
          </params>
          <reporter-output>
          </reporter-output>
        </test-method> <!-- totalValidation -->
      </class> <!-- practice.AppiumFramework.Econmerce_totalValidation -->
    </test> <!-- Test -->
  </suite> <!-- Suite -->
</testng-results>
